<?xml version="1.0" encoding="UTF-8"?>
<testsuite xmlns:xsi="http://www.w3.org/2001/XMLSchema-instance" xsi:noNamespaceSchemaLocation="https://maven.apache.org/surefire/maven-surefire-plugin/xsd/surefire-test-report.xsd" name="com.zhuocun.jira_vertx_server.TestMainVerticle" time="0.213" tests="1" errors="1" skipped="0" failures="0">
  <properties>
    <property name="java.specification.version" value="20"/>
    <property name="sun.jnu.encoding" value="UTF-8"/>
    <property name="java.class.path" value="/Users/zhuocun/GitHub/jira-vert.x-server/target/test-classes:/Users/zhuocun/GitHub/jira-vert.x-server/target/classes:/Users/zhuocun/.m2/repository/io/vertx/vertx-core/4.4.1/vertx-core-4.4.1.jar:/Users/zhuocun/.m2/repository/io/netty/netty-common/4.1.90.Final/netty-common-4.1.90.Final.jar:/Users/zhuocun/.m2/repository/io/netty/netty-buffer/4.1.90.Final/netty-buffer-4.1.90.Final.jar:/Users/zhuocun/.m2/repository/io/netty/netty-transport/4.1.90.Final/netty-transport-4.1.90.Final.jar:/Users/zhuocun/.m2/repository/io/netty/netty-handler/4.1.90.Final/netty-handler-4.1.90.Final.jar:/Users/zhuocun/.m2/repository/io/netty/netty-handler-proxy/4.1.90.Final/netty-handler-proxy-4.1.90.Final.jar:/Users/zhuocun/.m2/repository/io/netty/netty-codec-http/4.1.90.Final/netty-codec-http-4.1.90.Final.jar:/Users/zhuocun/.m2/repository/io/netty/netty-codec-http2/4.1.90.Final/netty-codec-http2-4.1.90.Final.jar:/Users/zhuocun/.m2/repository/io/netty/netty-resolver/4.1.90.Final/netty-resolver-4.1.90.Final.jar:/Users/zhuocun/.m2/repository/io/netty/netty-resolver-dns/4.1.90.Final/netty-resolver-dns-4.1.90.Final.jar:/Users/zhuocun/.m2/repository/com/fasterxml/jackson/core/jackson-core/2.14.0/jackson-core-2.14.0.jar:/Users/zhuocun/.m2/repository/io/vertx/vertx-auth-jwt/4.4.1/vertx-auth-jwt-4.4.1.jar:/Users/zhuocun/.m2/repository/io/vertx/vertx-auth-common/4.4.1/vertx-auth-common-4.4.1.jar:/Users/zhuocun/.m2/repository/io/vertx/vertx-web/4.4.1/vertx-web-4.4.1.jar:/Users/zhuocun/.m2/repository/io/vertx/vertx-web-common/4.4.1/vertx-web-common-4.4.1.jar:/Users/zhuocun/.m2/repository/io/vertx/vertx-bridge-common/4.4.1/vertx-bridge-common-4.4.1.jar:/Users/zhuocun/.m2/repository/io/netty/netty-all/4.1.90.Final/netty-all-4.1.90.Final.jar:/Users/zhuocun/.m2/repository/io/netty/netty-codec/4.1.90.Final/netty-codec-4.1.90.Final.jar:/Users/zhuocun/.m2/repository/io/netty/netty-codec-dns/4.1.90.Final/netty-codec-dns-4.1.90.Final.jar:/Users/zhuocun/.m2/repository/io/netty/netty-codec-haproxy/4.1.90.Final/netty-codec-haproxy-4.1.90.Final.jar:/Users/zhuocun/.m2/repository/io/netty/netty-codec-memcache/4.1.90.Final/netty-codec-memcache-4.1.90.Final.jar:/Users/zhuocun/.m2/repository/io/netty/netty-codec-mqtt/4.1.90.Final/netty-codec-mqtt-4.1.90.Final.jar:/Users/zhuocun/.m2/repository/io/netty/netty-codec-redis/4.1.90.Final/netty-codec-redis-4.1.90.Final.jar:/Users/zhuocun/.m2/repository/io/netty/netty-codec-smtp/4.1.90.Final/netty-codec-smtp-4.1.90.Final.jar:/Users/zhuocun/.m2/repository/io/netty/netty-codec-socks/4.1.90.Final/netty-codec-socks-4.1.90.Final.jar:/Users/zhuocun/.m2/repository/io/netty/netty-codec-stomp/4.1.90.Final/netty-codec-stomp-4.1.90.Final.jar:/Users/zhuocun/.m2/repository/io/netty/netty-codec-xml/4.1.90.Final/netty-codec-xml-4.1.90.Final.jar:/Users/zhuocun/.m2/repository/io/netty/netty-transport-native-unix-common/4.1.90.Final/netty-transport-native-unix-common-4.1.90.Final.jar:/Users/zhuocun/.m2/repository/io/netty/netty-handler-ssl-ocsp/4.1.90.Final/netty-handler-ssl-ocsp-4.1.90.Final.jar:/Users/zhuocun/.m2/repository/io/netty/netty-transport-rxtx/4.1.90.Final/netty-transport-rxtx-4.1.90.Final.jar:/Users/zhuocun/.m2/repository/io/netty/netty-transport-sctp/4.1.90.Final/netty-transport-sctp-4.1.90.Final.jar:/Users/zhuocun/.m2/repository/io/netty/netty-transport-udt/4.1.90.Final/netty-transport-udt-4.1.90.Final.jar:/Users/zhuocun/.m2/repository/io/netty/netty-transport-classes-epoll/4.1.90.Final/netty-transport-classes-epoll-4.1.90.Final.jar:/Users/zhuocun/.m2/repository/io/netty/netty-transport-classes-kqueue/4.1.90.Final/netty-transport-classes-kqueue-4.1.90.Final.jar:/Users/zhuocun/.m2/repository/io/netty/netty-resolver-dns-classes-macos/4.1.90.Final/netty-resolver-dns-classes-macos-4.1.90.Final.jar:/Users/zhuocun/.m2/repository/io/netty/netty-transport-native-epoll/4.1.90.Final/netty-transport-native-epoll-4.1.90.Final-linux-x86_64.jar:/Users/zhuocun/.m2/repository/io/netty/netty-transport-native-epoll/4.1.90.Final/netty-transport-native-epoll-4.1.90.Final-linux-aarch_64.jar:/Users/zhuocun/.m2/repository/io/netty/netty-transport-native-kqueue/4.1.90.Final/netty-transport-native-kqueue-4.1.90.Final-osx-x86_64.jar:/Users/zhuocun/.m2/repository/io/netty/netty-transport-native-kqueue/4.1.90.Final/netty-transport-native-kqueue-4.1.90.Final-osx-aarch_64.jar:/Users/zhuocun/.m2/repository/io/netty/netty-resolver-dns-native-macos/4.1.90.Final/netty-resolver-dns-native-macos-4.1.90.Final-osx-x86_64.jar:/Users/zhuocun/.m2/repository/io/netty/netty-resolver-dns-native-macos/4.1.90.Final/netty-resolver-dns-native-macos-4.1.90.Final-osx-aarch_64.jar:/Users/zhuocun/.m2/repository/io/vertx/vertx-pg-client/4.4.1/vertx-pg-client-4.4.1.jar:/Users/zhuocun/.m2/repository/io/vertx/vertx-sql-client/4.4.1/vertx-sql-client-4.4.1.jar:/Users/zhuocun/.m2/repository/io/vertx/vertx-auth-mongo/4.4.1/vertx-auth-mongo-4.4.1.jar:/Users/zhuocun/.m2/repository/io/vertx/vertx-json-schema/4.4.1/vertx-json-schema-4.4.1.jar:/Users/zhuocun/.m2/repository/io/vertx/vertx-mongo-client/4.4.1/vertx-mongo-client-4.4.1.jar:/Users/zhuocun/.m2/repository/org/mongodb/mongodb-driver-reactivestreams/4.8.1/mongodb-driver-reactivestreams-4.8.1.jar:/Users/zhuocun/.m2/repository/org/mongodb/bson/4.8.1/bson-4.8.1.jar:/Users/zhuocun/.m2/repository/org/mongodb/mongodb-driver-core/4.8.1/mongodb-driver-core-4.8.1.jar:/Users/zhuocun/.m2/repository/org/mongodb/bson-record-codec/4.8.1/bson-record-codec-4.8.1.jar:/Users/zhuocun/.m2/repository/io/projectreactor/reactor-core/3.5.0/reactor-core-3.5.0.jar:/Users/zhuocun/.m2/repository/org/reactivestreams/reactive-streams/1.0.3/reactive-streams-1.0.3.jar:/Users/zhuocun/.m2/repository/org/apache/commons/commons-collections4/4.2/commons-collections4-4.2.jar:/Users/zhuocun/.m2/repository/com/ongres/scram/client/2.1/client-2.1.jar:/Users/zhuocun/.m2/repository/com/ongres/scram/common/2.1/common-2.1.jar:/Users/zhuocun/.m2/repository/com/ongres/stringprep/saslprep/1.1/saslprep-1.1.jar:/Users/zhuocun/.m2/repository/com/ongres/stringprep/stringprep/1.1/stringprep-1.1.jar:/Users/zhuocun/.m2/repository/software/amazon/awssdk/dynamodb/2.20.47/dynamodb-2.20.47.jar:/Users/zhuocun/.m2/repository/software/amazon/awssdk/aws-json-protocol/2.20.47/aws-json-protocol-2.20.47.jar:/Users/zhuocun/.m2/repository/software/amazon/awssdk/third-party-jackson-core/2.20.47/third-party-jackson-core-2.20.47.jar:/Users/zhuocun/.m2/repository/software/amazon/awssdk/protocol-core/2.20.47/protocol-core-2.20.47.jar:/Users/zhuocun/.m2/repository/software/amazon/awssdk/profiles/2.20.47/profiles-2.20.47.jar:/Users/zhuocun/.m2/repository/software/amazon/awssdk/sdk-core/2.20.47/sdk-core-2.20.47.jar:/Users/zhuocun/.m2/repository/software/amazon/awssdk/auth/2.20.47/auth-2.20.47.jar:/Users/zhuocun/.m2/repository/software/amazon/eventstream/eventstream/1.0.1/eventstream-1.0.1.jar:/Users/zhuocun/.m2/repository/software/amazon/awssdk/http-client-spi/2.20.47/http-client-spi-2.20.47.jar:/Users/zhuocun/.m2/repository/software/amazon/awssdk/regions/2.20.47/regions-2.20.47.jar:/Users/zhuocun/.m2/repository/software/amazon/awssdk/annotations/2.20.47/annotations-2.20.47.jar:/Users/zhuocun/.m2/repository/software/amazon/awssdk/utils/2.20.47/utils-2.20.47.jar:/Users/zhuocun/.m2/repository/software/amazon/awssdk/aws-core/2.20.47/aws-core-2.20.47.jar:/Users/zhuocun/.m2/repository/software/amazon/awssdk/metrics-spi/2.20.47/metrics-spi-2.20.47.jar:/Users/zhuocun/.m2/repository/software/amazon/awssdk/json-utils/2.20.47/json-utils-2.20.47.jar:/Users/zhuocun/.m2/repository/software/amazon/awssdk/endpoints-spi/2.20.47/endpoints-spi-2.20.47.jar:/Users/zhuocun/.m2/repository/software/amazon/awssdk/apache-client/2.20.47/apache-client-2.20.47.jar:/Users/zhuocun/.m2/repository/org/apache/httpcomponents/httpclient/4.5.13/httpclient-4.5.13.jar:/Users/zhuocun/.m2/repository/commons-logging/commons-logging/1.2/commons-logging-1.2.jar:/Users/zhuocun/.m2/repository/org/apache/httpcomponents/httpcore/4.4.13/httpcore-4.4.13.jar:/Users/zhuocun/.m2/repository/commons-codec/commons-codec/1.15/commons-codec-1.15.jar:/Users/zhuocun/.m2/repository/software/amazon/awssdk/netty-nio-client/2.20.47/netty-nio-client-2.20.47.jar:/Users/zhuocun/.m2/repository/io/vertx/vertx-junit5/4.4.1/vertx-junit5-4.4.1.jar:/Users/zhuocun/.m2/repository/org/junit/jupiter/junit-jupiter-params/5.8.2/junit-jupiter-params-5.8.2.jar:/Users/zhuocun/.m2/repository/org/junit/jupiter/junit-jupiter-api/5.9.1/junit-jupiter-api-5.9.1.jar:/Users/zhuocun/.m2/repository/org/opentest4j/opentest4j/1.2.0/opentest4j-1.2.0.jar:/Users/zhuocun/.m2/repository/org/junit/platform/junit-platform-commons/1.9.1/junit-platform-commons-1.9.1.jar:/Users/zhuocun/.m2/repository/org/apiguardian/apiguardian-api/1.1.2/apiguardian-api-1.1.2.jar:/Users/zhuocun/.m2/repository/org/junit/jupiter/junit-jupiter-engine/5.9.1/junit-jupiter-engine-5.9.1.jar:/Users/zhuocun/.m2/repository/org/junit/platform/junit-platform-engine/1.9.1/junit-platform-engine-1.9.1.jar:/Users/zhuocun/.m2/repository/com/fasterxml/uuid/java-uuid-generator/4.1.0/java-uuid-generator-4.1.0.jar:/Users/zhuocun/.m2/repository/org/projectlombok/lombok/1.18.26/lombok-1.18.26.jar:/Users/zhuocun/.m2/repository/ch/qos/logback/logback-classic/1.4.6/logback-classic-1.4.6.jar:/Users/zhuocun/.m2/repository/ch/qos/logback/logback-core/1.4.6/logback-core-1.4.6.jar:/Users/zhuocun/.m2/repository/org/slf4j/slf4j-api/2.0.7/slf4j-api-2.0.7.jar:/Users/zhuocun/.m2/repository/org/slf4j/slf4j-simple/2.0.7/slf4j-simple-2.0.7.jar:/Users/zhuocun/.m2/repository/com/google/inject/guice/5.1.0/guice-5.1.0.jar:/Users/zhuocun/.m2/repository/javax/inject/javax.inject/1/javax.inject-1.jar:/Users/zhuocun/.m2/repository/aopalliance/aopalliance/1.0/aopalliance-1.0.jar:/Users/zhuocun/.m2/repository/com/google/guava/guava/30.1.1-jre/guava-30.1.1-jre.jar:/Users/zhuocun/.m2/repository/com/google/guava/failureaccess/1.0.1/failureaccess-1.0.1.jar:/Users/zhuocun/.m2/repository/com/google/guava/listenablefuture/9999.0-empty-to-avoid-conflict-with-guava/listenablefuture-9999.0-empty-to-avoid-conflict-with-guava.jar:/Users/zhuocun/.m2/repository/com/google/code/findbugs/jsr305/3.0.2/jsr305-3.0.2.jar:/Users/zhuocun/.m2/repository/org/checkerframework/checker-qual/3.8.0/checker-qual-3.8.0.jar:/Users/zhuocun/.m2/repository/com/google/errorprone/error_prone_annotations/2.5.1/error_prone_annotations-2.5.1.jar:/Users/zhuocun/.m2/repository/com/google/j2objc/j2objc-annotations/1.3/j2objc-annotations-1.3.jar:"/>
    <property name="java.vm.vendor" value="Homebrew"/>
    <property name="sun.arch.data.model" value="64"/>
    <property name="java.vendor.url" value="https://github.com/Homebrew/homebrew-core/issues"/>
    <property name="os.name" value="Mac OS X"/>
    <property name="java.vm.specification.version" value="20"/>
    <property name="sun.java.launcher" value="SUN_STANDARD"/>
    <property name="user.country" value="AU"/>
    <property name="sun.boot.library.path" value="/opt/homebrew/Cellar/openjdk/20/libexec/openjdk.jdk/Contents/Home/lib"/>
    <property name="sun.java.command" value="/Users/zhuocun/GitHub/jira-vert.x-server/target/surefire/surefirebooter16585561319711062569.jar /Users/zhuocun/GitHub/jira-vert.x-server/target/surefire 2023-04-18T02-07-53_013-jvmRun1 surefire6961081376646373792tmp surefire_013390481427676958444tmp"/>
    <property name="http.nonProxyHosts" value="local|*.local|169.254/16|*.169.254/16"/>
    <property name="jdk.debug" value="release"/>
    <property name="surefire.test.class.path" value="/Users/zhuocun/GitHub/jira-vert.x-server/target/test-classes:/Users/zhuocun/GitHub/jira-vert.x-server/target/classes:/Users/zhuocun/.m2/repository/io/vertx/vertx-core/4.4.1/vertx-core-4.4.1.jar:/Users/zhuocun/.m2/repository/io/netty/netty-common/4.1.90.Final/netty-common-4.1.90.Final.jar:/Users/zhuocun/.m2/repository/io/netty/netty-buffer/4.1.90.Final/netty-buffer-4.1.90.Final.jar:/Users/zhuocun/.m2/repository/io/netty/netty-transport/4.1.90.Final/netty-transport-4.1.90.Final.jar:/Users/zhuocun/.m2/repository/io/netty/netty-handler/4.1.90.Final/netty-handler-4.1.90.Final.jar:/Users/zhuocun/.m2/repository/io/netty/netty-handler-proxy/4.1.90.Final/netty-handler-proxy-4.1.90.Final.jar:/Users/zhuocun/.m2/repository/io/netty/netty-codec-http/4.1.90.Final/netty-codec-http-4.1.90.Final.jar:/Users/zhuocun/.m2/repository/io/netty/netty-codec-http2/4.1.90.Final/netty-codec-http2-4.1.90.Final.jar:/Users/zhuocun/.m2/repository/io/netty/netty-resolver/4.1.90.Final/netty-resolver-4.1.90.Final.jar:/Users/zhuocun/.m2/repository/io/netty/netty-resolver-dns/4.1.90.Final/netty-resolver-dns-4.1.90.Final.jar:/Users/zhuocun/.m2/repository/com/fasterxml/jackson/core/jackson-core/2.14.0/jackson-core-2.14.0.jar:/Users/zhuocun/.m2/repository/io/vertx/vertx-auth-jwt/4.4.1/vertx-auth-jwt-4.4.1.jar:/Users/zhuocun/.m2/repository/io/vertx/vertx-auth-common/4.4.1/vertx-auth-common-4.4.1.jar:/Users/zhuocun/.m2/repository/io/vertx/vertx-web/4.4.1/vertx-web-4.4.1.jar:/Users/zhuocun/.m2/repository/io/vertx/vertx-web-common/4.4.1/vertx-web-common-4.4.1.jar:/Users/zhuocun/.m2/repository/io/vertx/vertx-bridge-common/4.4.1/vertx-bridge-common-4.4.1.jar:/Users/zhuocun/.m2/repository/io/netty/netty-all/4.1.90.Final/netty-all-4.1.90.Final.jar:/Users/zhuocun/.m2/repository/io/netty/netty-codec/4.1.90.Final/netty-codec-4.1.90.Final.jar:/Users/zhuocun/.m2/repository/io/netty/netty-codec-dns/4.1.90.Final/netty-codec-dns-4.1.90.Final.jar:/Users/zhuocun/.m2/repository/io/netty/netty-codec-haproxy/4.1.90.Final/netty-codec-haproxy-4.1.90.Final.jar:/Users/zhuocun/.m2/repository/io/netty/netty-codec-memcache/4.1.90.Final/netty-codec-memcache-4.1.90.Final.jar:/Users/zhuocun/.m2/repository/io/netty/netty-codec-mqtt/4.1.90.Final/netty-codec-mqtt-4.1.90.Final.jar:/Users/zhuocun/.m2/repository/io/netty/netty-codec-redis/4.1.90.Final/netty-codec-redis-4.1.90.Final.jar:/Users/zhuocun/.m2/repository/io/netty/netty-codec-smtp/4.1.90.Final/netty-codec-smtp-4.1.90.Final.jar:/Users/zhuocun/.m2/repository/io/netty/netty-codec-socks/4.1.90.Final/netty-codec-socks-4.1.90.Final.jar:/Users/zhuocun/.m2/repository/io/netty/netty-codec-stomp/4.1.90.Final/netty-codec-stomp-4.1.90.Final.jar:/Users/zhuocun/.m2/repository/io/netty/netty-codec-xml/4.1.90.Final/netty-codec-xml-4.1.90.Final.jar:/Users/zhuocun/.m2/repository/io/netty/netty-transport-native-unix-common/4.1.90.Final/netty-transport-native-unix-common-4.1.90.Final.jar:/Users/zhuocun/.m2/repository/io/netty/netty-handler-ssl-ocsp/4.1.90.Final/netty-handler-ssl-ocsp-4.1.90.Final.jar:/Users/zhuocun/.m2/repository/io/netty/netty-transport-rxtx/4.1.90.Final/netty-transport-rxtx-4.1.90.Final.jar:/Users/zhuocun/.m2/repository/io/netty/netty-transport-sctp/4.1.90.Final/netty-transport-sctp-4.1.90.Final.jar:/Users/zhuocun/.m2/repository/io/netty/netty-transport-udt/4.1.90.Final/netty-transport-udt-4.1.90.Final.jar:/Users/zhuocun/.m2/repository/io/netty/netty-transport-classes-epoll/4.1.90.Final/netty-transport-classes-epoll-4.1.90.Final.jar:/Users/zhuocun/.m2/repository/io/netty/netty-transport-classes-kqueue/4.1.90.Final/netty-transport-classes-kqueue-4.1.90.Final.jar:/Users/zhuocun/.m2/repository/io/netty/netty-resolver-dns-classes-macos/4.1.90.Final/netty-resolver-dns-classes-macos-4.1.90.Final.jar:/Users/zhuocun/.m2/repository/io/netty/netty-transport-native-epoll/4.1.90.Final/netty-transport-native-epoll-4.1.90.Final-linux-x86_64.jar:/Users/zhuocun/.m2/repository/io/netty/netty-transport-native-epoll/4.1.90.Final/netty-transport-native-epoll-4.1.90.Final-linux-aarch_64.jar:/Users/zhuocun/.m2/repository/io/netty/netty-transport-native-kqueue/4.1.90.Final/netty-transport-native-kqueue-4.1.90.Final-osx-x86_64.jar:/Users/zhuocun/.m2/repository/io/netty/netty-transport-native-kqueue/4.1.90.Final/netty-transport-native-kqueue-4.1.90.Final-osx-aarch_64.jar:/Users/zhuocun/.m2/repository/io/netty/netty-resolver-dns-native-macos/4.1.90.Final/netty-resolver-dns-native-macos-4.1.90.Final-osx-x86_64.jar:/Users/zhuocun/.m2/repository/io/netty/netty-resolver-dns-native-macos/4.1.90.Final/netty-resolver-dns-native-macos-4.1.90.Final-osx-aarch_64.jar:/Users/zhuocun/.m2/repository/io/vertx/vertx-pg-client/4.4.1/vertx-pg-client-4.4.1.jar:/Users/zhuocun/.m2/repository/io/vertx/vertx-sql-client/4.4.1/vertx-sql-client-4.4.1.jar:/Users/zhuocun/.m2/repository/io/vertx/vertx-auth-mongo/4.4.1/vertx-auth-mongo-4.4.1.jar:/Users/zhuocun/.m2/repository/io/vertx/vertx-json-schema/4.4.1/vertx-json-schema-4.4.1.jar:/Users/zhuocun/.m2/repository/io/vertx/vertx-mongo-client/4.4.1/vertx-mongo-client-4.4.1.jar:/Users/zhuocun/.m2/repository/org/mongodb/mongodb-driver-reactivestreams/4.8.1/mongodb-driver-reactivestreams-4.8.1.jar:/Users/zhuocun/.m2/repository/org/mongodb/bson/4.8.1/bson-4.8.1.jar:/Users/zhuocun/.m2/repository/org/mongodb/mongodb-driver-core/4.8.1/mongodb-driver-core-4.8.1.jar:/Users/zhuocun/.m2/repository/org/mongodb/bson-record-codec/4.8.1/bson-record-codec-4.8.1.jar:/Users/zhuocun/.m2/repository/io/projectreactor/reactor-core/3.5.0/reactor-core-3.5.0.jar:/Users/zhuocun/.m2/repository/org/reactivestreams/reactive-streams/1.0.3/reactive-streams-1.0.3.jar:/Users/zhuocun/.m2/repository/org/apache/commons/commons-collections4/4.2/commons-collections4-4.2.jar:/Users/zhuocun/.m2/repository/com/ongres/scram/client/2.1/client-2.1.jar:/Users/zhuocun/.m2/repository/com/ongres/scram/common/2.1/common-2.1.jar:/Users/zhuocun/.m2/repository/com/ongres/stringprep/saslprep/1.1/saslprep-1.1.jar:/Users/zhuocun/.m2/repository/com/ongres/stringprep/stringprep/1.1/stringprep-1.1.jar:/Users/zhuocun/.m2/repository/software/amazon/awssdk/dynamodb/2.20.47/dynamodb-2.20.47.jar:/Users/zhuocun/.m2/repository/software/amazon/awssdk/aws-json-protocol/2.20.47/aws-json-protocol-2.20.47.jar:/Users/zhuocun/.m2/repository/software/amazon/awssdk/third-party-jackson-core/2.20.47/third-party-jackson-core-2.20.47.jar:/Users/zhuocun/.m2/repository/software/amazon/awssdk/protocol-core/2.20.47/protocol-core-2.20.47.jar:/Users/zhuocun/.m2/repository/software/amazon/awssdk/profiles/2.20.47/profiles-2.20.47.jar:/Users/zhuocun/.m2/repository/software/amazon/awssdk/sdk-core/2.20.47/sdk-core-2.20.47.jar:/Users/zhuocun/.m2/repository/software/amazon/awssdk/auth/2.20.47/auth-2.20.47.jar:/Users/zhuocun/.m2/repository/software/amazon/eventstream/eventstream/1.0.1/eventstream-1.0.1.jar:/Users/zhuocun/.m2/repository/software/amazon/awssdk/http-client-spi/2.20.47/http-client-spi-2.20.47.jar:/Users/zhuocun/.m2/repository/software/amazon/awssdk/regions/2.20.47/regions-2.20.47.jar:/Users/zhuocun/.m2/repository/software/amazon/awssdk/annotations/2.20.47/annotations-2.20.47.jar:/Users/zhuocun/.m2/repository/software/amazon/awssdk/utils/2.20.47/utils-2.20.47.jar:/Users/zhuocun/.m2/repository/software/amazon/awssdk/aws-core/2.20.47/aws-core-2.20.47.jar:/Users/zhuocun/.m2/repository/software/amazon/awssdk/metrics-spi/2.20.47/metrics-spi-2.20.47.jar:/Users/zhuocun/.m2/repository/software/amazon/awssdk/json-utils/2.20.47/json-utils-2.20.47.jar:/Users/zhuocun/.m2/repository/software/amazon/awssdk/endpoints-spi/2.20.47/endpoints-spi-2.20.47.jar:/Users/zhuocun/.m2/repository/software/amazon/awssdk/apache-client/2.20.47/apache-client-2.20.47.jar:/Users/zhuocun/.m2/repository/org/apache/httpcomponents/httpclient/4.5.13/httpclient-4.5.13.jar:/Users/zhuocun/.m2/repository/commons-logging/commons-logging/1.2/commons-logging-1.2.jar:/Users/zhuocun/.m2/repository/org/apache/httpcomponents/httpcore/4.4.13/httpcore-4.4.13.jar:/Users/zhuocun/.m2/repository/commons-codec/commons-codec/1.15/commons-codec-1.15.jar:/Users/zhuocun/.m2/repository/software/amazon/awssdk/netty-nio-client/2.20.47/netty-nio-client-2.20.47.jar:/Users/zhuocun/.m2/repository/io/vertx/vertx-junit5/4.4.1/vertx-junit5-4.4.1.jar:/Users/zhuocun/.m2/repository/org/junit/jupiter/junit-jupiter-params/5.8.2/junit-jupiter-params-5.8.2.jar:/Users/zhuocun/.m2/repository/org/junit/jupiter/junit-jupiter-api/5.9.1/junit-jupiter-api-5.9.1.jar:/Users/zhuocun/.m2/repository/org/opentest4j/opentest4j/1.2.0/opentest4j-1.2.0.jar:/Users/zhuocun/.m2/repository/org/junit/platform/junit-platform-commons/1.9.1/junit-platform-commons-1.9.1.jar:/Users/zhuocun/.m2/repository/org/apiguardian/apiguardian-api/1.1.2/apiguardian-api-1.1.2.jar:/Users/zhuocun/.m2/repository/org/junit/jupiter/junit-jupiter-engine/5.9.1/junit-jupiter-engine-5.9.1.jar:/Users/zhuocun/.m2/repository/org/junit/platform/junit-platform-engine/1.9.1/junit-platform-engine-1.9.1.jar:/Users/zhuocun/.m2/repository/com/fasterxml/uuid/java-uuid-generator/4.1.0/java-uuid-generator-4.1.0.jar:/Users/zhuocun/.m2/repository/org/projectlombok/lombok/1.18.26/lombok-1.18.26.jar:/Users/zhuocun/.m2/repository/ch/qos/logback/logback-classic/1.4.6/logback-classic-1.4.6.jar:/Users/zhuocun/.m2/repository/ch/qos/logback/logback-core/1.4.6/logback-core-1.4.6.jar:/Users/zhuocun/.m2/repository/org/slf4j/slf4j-api/2.0.7/slf4j-api-2.0.7.jar:/Users/zhuocun/.m2/repository/org/slf4j/slf4j-simple/2.0.7/slf4j-simple-2.0.7.jar:/Users/zhuocun/.m2/repository/com/google/inject/guice/5.1.0/guice-5.1.0.jar:/Users/zhuocun/.m2/repository/javax/inject/javax.inject/1/javax.inject-1.jar:/Users/zhuocun/.m2/repository/aopalliance/aopalliance/1.0/aopalliance-1.0.jar:/Users/zhuocun/.m2/repository/com/google/guava/guava/30.1.1-jre/guava-30.1.1-jre.jar:/Users/zhuocun/.m2/repository/com/google/guava/failureaccess/1.0.1/failureaccess-1.0.1.jar:/Users/zhuocun/.m2/repository/com/google/guava/listenablefuture/9999.0-empty-to-avoid-conflict-with-guava/listenablefuture-9999.0-empty-to-avoid-conflict-with-guava.jar:/Users/zhuocun/.m2/repository/com/google/code/findbugs/jsr305/3.0.2/jsr305-3.0.2.jar:/Users/zhuocun/.m2/repository/org/checkerframework/checker-qual/3.8.0/checker-qual-3.8.0.jar:/Users/zhuocun/.m2/repository/com/google/errorprone/error_prone_annotations/2.5.1/error_prone_annotations-2.5.1.jar:/Users/zhuocun/.m2/repository/com/google/j2objc/j2objc-annotations/1.3/j2objc-annotations-1.3.jar:"/>
    <property name="sun.cpu.endian" value="little"/>
    <property name="user.home" value="/Users/zhuocun"/>
    <property name="user.language" value="en"/>
    <property name="java.specification.vendor" value="Oracle Corporation"/>
    <property name="java.version.date" value="2023-03-21"/>
    <property name="java.home" value="/opt/homebrew/Cellar/openjdk/20/libexec/openjdk.jdk/Contents/Home"/>
    <property name="file.separator" value="/"/>
    <property name="basedir" value="/Users/zhuocun/GitHub/jira-vert.x-server"/>
    <property name="java.vm.compressedOopsMode" value="Zero based"/>
    <property name="line.separator" value="&#10;"/>
    <property name="java.vm.specification.vendor" value="Oracle Corporation"/>
    <property name="java.specification.name" value="Java Platform API Specification"/>
    <property name="apple.awt.application.name" value="ForkedBooter"/>
    <property name="surefire.real.class.path" value="/Users/zhuocun/GitHub/jira-vert.x-server/target/surefire/surefirebooter16585561319711062569.jar"/>
    <property name="sun.management.compiler" value="HotSpot 64-Bit Tiered Compilers"/>
    <property name="ftp.nonProxyHosts" value="local|*.local|169.254/16|*.169.254/16"/>
    <property name="java.runtime.version" value="20"/>
    <property name="user.name" value="zhuocun"/>
    <property name="stdout.encoding" value="UTF-8"/>
    <property name="path.separator" value=":"/>
    <property name="os.version" value="13.4"/>
    <property name="java.runtime.name" value="OpenJDK Runtime Environment"/>
    <property name="file.encoding" value="UTF-8"/>
    <property name="java.vm.name" value="OpenJDK 64-Bit Server VM"/>
    <property name="java.vendor.version" value="Homebrew"/>
    <property name="localRepository" value="/Users/zhuocun/.m2/repository"/>
    <property name="java.vendor.url.bug" value="https://github.com/Homebrew/homebrew-core/issues"/>
    <property name="java.io.tmpdir" value="/var/folders/j0/y0x3zrq56y95sg7kdc4y_dth0000gn/T/"/>
    <property name="java.version" value="20"/>
    <property name="user.dir" value="/Users/zhuocun/GitHub/jira-vert.x-server"/>
    <property name="os.arch" value="aarch64"/>
    <property name="java.vm.specification.name" value="Java Virtual Machine Specification"/>
    <property name="native.encoding" value="UTF-8"/>
    <property name="java.library.path" value="/Users/zhuocun/Library/Java/Extensions:/Library/Java/Extensions:/Network/Library/Java/Extensions:/System/Library/Java/Extensions:/usr/lib/java:."/>
    <property name="java.vm.info" value="mixed mode, sharing"/>
    <property name="stderr.encoding" value="UTF-8"/>
    <property name="java.vendor" value="Homebrew"/>
    <property name="java.vm.version" value="20"/>
    <property name="sun.io.unicode.encoding" value="UnicodeBig"/>
    <property name="socksNonProxyHosts" value="local|*.local|169.254/16|*.169.254/16"/>
    <property name="java.class.version" value="64.0"/>
  </properties>
  <testcase name="verticle_deployed{Vertx, VertxTestContext}" classname="com.zhuocun.jira_vertx_server.TestMainVerticle" time="0.208">
    <error message="Unable to create injector, see the following errors:&#10;&#10;1) [Guice/MissingConstructor]: No injectable constructor for type DBOperation.&#10;&#10;class DBOperation has a private no-arg constructor but the class is not private. Guice can only use a private no-arg constructor if it is defined in a private class.&#10;&#10;Requested by:&#10;1  : DBOperation.class(DBOperation.java:19)&#10;     at DBInitialiser.&lt;init&gt;(DBInitialiser.java:32)&#10;      \_ for 1st parameter&#10;     at AppModule.configure(AppModule.java:11)&#10;&#10;Learn more:&#10;  https://github.com/google/guice/wiki/MISSING_CONSTRUCTOR&#10;&#10;1 error&#10;&#10;======================&#10;Full classname legend:&#10;======================&#10;AppModule:     &quot;zhuocun.jira_vertx_server.modules.AppModule&quot;&#10;DBInitialiser: &quot;zhuocun.jira_vertx_server.utils.database.DBInitialiser&quot;&#10;DBOperation:   &quot;zhuocun.jira_vertx_server.utils.database.DBOperation&quot;&#10;========================&#10;End of classname legend:&#10;========================&#10;" type="com.google.inject.CreationException"><![CDATA[com.google.inject.CreationException: 
Unable to create injector, see the following errors:

1) [Guice/MissingConstructor]: No injectable constructor for type DBOperation.

class DBOperation has a private no-arg constructor but the class is not private. Guice can only use a private no-arg constructor if it is defined in a private class.

Requested by:
1  : DBOperation.class(DBOperation.java:19)
     at DBInitialiser.<init>(DBInitialiser.java:32)
      \_ for 1st parameter
     at AppModule.configure(AppModule.java:11)

Learn more:
  https://github.com/google/guice/wiki/MISSING_CONSTRUCTOR

1 error

======================
Full classname legend:
======================
AppModule:     "zhuocun.jira_vertx_server.modules.AppModule"
DBInitialiser: "zhuocun.jira_vertx_server.utils.database.DBInitialiser"
DBOperation:   "zhuocun.jira_vertx_server.utils.database.DBOperation"
========================
End of classname legend:
========================

]]></error>
  </testcase>
</testsuite>