<?xml version="1.0" encoding="UTF-8"?>
<testsuite xmlns:xsi="http://www.w3.org/2001/XMLSchema-instance" xsi:noNamespaceSchemaLocation="https://maven.apache.org/surefire/maven-surefire-plugin/xsd/surefire-test-report.xsd" name="com.zhuocun.jira_vertx_server.TestMainVerticle" time="0.23" tests="1" errors="0" skipped="0" failures="0">
  <properties>
    <property name="java.specification.version" value="20"/>
    <property name="sun.jnu.encoding" value="UTF-8"/>
    <property name="java.class.path" value="/Users/zhuocun/GitHub/jira-vert.x-server/target/test-classes:/Users/zhuocun/GitHub/jira-vert.x-server/target/classes:/Users/zhuocun/.m2/repository/io/vertx/vertx-core/4.4.1/vertx-core-4.4.1.jar:/Users/zhuocun/.m2/repository/io/netty/netty-common/4.1.90.Final/netty-common-4.1.90.Final.jar:/Users/zhuocun/.m2/repository/io/netty/netty-buffer/4.1.90.Final/netty-buffer-4.1.90.Final.jar:/Users/zhuocun/.m2/repository/io/netty/netty-transport/4.1.90.Final/netty-transport-4.1.90.Final.jar:/Users/zhuocun/.m2/repository/io/netty/netty-handler/4.1.90.Final/netty-handler-4.1.90.Final.jar:/Users/zhuocun/.m2/repository/io/netty/netty-transport-native-unix-common/4.1.90.Final/netty-transport-native-unix-common-4.1.90.Final.jar:/Users/zhuocun/.m2/repository/io/netty/netty-codec/4.1.90.Final/netty-codec-4.1.90.Final.jar:/Users/zhuocun/.m2/repository/io/netty/netty-handler-proxy/4.1.90.Final/netty-handler-proxy-4.1.90.Final.jar:/Users/zhuocun/.m2/repository/io/netty/netty-codec-socks/4.1.90.Final/netty-codec-socks-4.1.90.Final.jar:/Users/zhuocun/.m2/repository/io/netty/netty-codec-http/4.1.90.Final/netty-codec-http-4.1.90.Final.jar:/Users/zhuocun/.m2/repository/io/netty/netty-codec-http2/4.1.90.Final/netty-codec-http2-4.1.90.Final.jar:/Users/zhuocun/.m2/repository/io/netty/netty-resolver/4.1.90.Final/netty-resolver-4.1.90.Final.jar:/Users/zhuocun/.m2/repository/io/netty/netty-resolver-dns/4.1.90.Final/netty-resolver-dns-4.1.90.Final.jar:/Users/zhuocun/.m2/repository/io/netty/netty-codec-dns/4.1.90.Final/netty-codec-dns-4.1.90.Final.jar:/Users/zhuocun/.m2/repository/com/fasterxml/jackson/core/jackson-core/2.14.0/jackson-core-2.14.0.jar:/Users/zhuocun/.m2/repository/io/vertx/vertx-auth-jwt/4.4.1/vertx-auth-jwt-4.4.1.jar:/Users/zhuocun/.m2/repository/io/vertx/vertx-auth-common/4.4.1/vertx-auth-common-4.4.1.jar:/Users/zhuocun/.m2/repository/io/vertx/vertx-web/4.4.1/vertx-web-4.4.1.jar:/Users/zhuocun/.m2/repository/io/vertx/vertx-web-common/4.4.1/vertx-web-common-4.4.1.jar:/Users/zhuocun/.m2/repository/io/vertx/vertx-bridge-common/4.4.1/vertx-bridge-common-4.4.1.jar:/Users/zhuocun/.m2/repository/io/vertx/vertx-pg-client/4.4.1/vertx-pg-client-4.4.1.jar:/Users/zhuocun/.m2/repository/io/vertx/vertx-sql-client/4.4.1/vertx-sql-client-4.4.1.jar:/Users/zhuocun/.m2/repository/io/vertx/vertx-auth-mongo/4.4.1/vertx-auth-mongo-4.4.1.jar:/Users/zhuocun/.m2/repository/io/vertx/vertx-json-schema/4.4.1/vertx-json-schema-4.4.1.jar:/Users/zhuocun/.m2/repository/io/vertx/vertx-mongo-client/4.4.1/vertx-mongo-client-4.4.1.jar:/Users/zhuocun/.m2/repository/org/mongodb/mongodb-driver-reactivestreams/4.8.1/mongodb-driver-reactivestreams-4.8.1.jar:/Users/zhuocun/.m2/repository/org/mongodb/bson/4.8.1/bson-4.8.1.jar:/Users/zhuocun/.m2/repository/org/mongodb/mongodb-driver-core/4.8.1/mongodb-driver-core-4.8.1.jar:/Users/zhuocun/.m2/repository/org/mongodb/bson-record-codec/4.8.1/bson-record-codec-4.8.1.jar:/Users/zhuocun/.m2/repository/io/projectreactor/reactor-core/3.5.0/reactor-core-3.5.0.jar:/Users/zhuocun/.m2/repository/org/reactivestreams/reactive-streams/1.0.3/reactive-streams-1.0.3.jar:/Users/zhuocun/.m2/repository/org/apache/commons/commons-collections4/4.2/commons-collections4-4.2.jar:/Users/zhuocun/.m2/repository/com/ongres/scram/client/2.1/client-2.1.jar:/Users/zhuocun/.m2/repository/com/ongres/scram/common/2.1/common-2.1.jar:/Users/zhuocun/.m2/repository/com/ongres/stringprep/saslprep/1.1/saslprep-1.1.jar:/Users/zhuocun/.m2/repository/com/ongres/stringprep/stringprep/1.1/stringprep-1.1.jar:/Users/zhuocun/.m2/repository/io/vertx/vertx-junit5/4.4.1/vertx-junit5-4.4.1.jar:/Users/zhuocun/.m2/repository/org/junit/jupiter/junit-jupiter-params/5.8.2/junit-jupiter-params-5.8.2.jar:/Users/zhuocun/.m2/repository/org/junit/jupiter/junit-jupiter-api/5.9.1/junit-jupiter-api-5.9.1.jar:/Users/zhuocun/.m2/repository/org/opentest4j/opentest4j/1.2.0/opentest4j-1.2.0.jar:/Users/zhuocun/.m2/repository/org/junit/platform/junit-platform-commons/1.9.1/junit-platform-commons-1.9.1.jar:/Users/zhuocun/.m2/repository/org/apiguardian/apiguardian-api/1.1.2/apiguardian-api-1.1.2.jar:/Users/zhuocun/.m2/repository/org/junit/jupiter/junit-jupiter-engine/5.9.1/junit-jupiter-engine-5.9.1.jar:/Users/zhuocun/.m2/repository/org/junit/platform/junit-platform-engine/1.9.1/junit-platform-engine-1.9.1.jar:"/>
    <property name="java.vm.vendor" value="Homebrew"/>
    <property name="sun.arch.data.model" value="64"/>
    <property name="java.vendor.url" value="https://github.com/Homebrew/homebrew-core/issues"/>
    <property name="os.name" value="Mac OS X"/>
    <property name="java.vm.specification.version" value="20"/>
    <property name="sun.java.launcher" value="SUN_STANDARD"/>
    <property name="user.country" value="AU"/>
    <property name="sun.boot.library.path" value="/opt/homebrew/Cellar/openjdk/20/libexec/openjdk.jdk/Contents/Home/lib"/>
    <property name="sun.java.command" value="/Users/zhuocun/GitHub/jira-vert.x-server/target/surefire/surefirebooter5291847246008302231.jar /Users/zhuocun/GitHub/jira-vert.x-server/target/surefire 2023-04-12T20-44-25_169-jvmRun1 surefire14694609478314818959tmp surefire_04200257746358216448tmp"/>
    <property name="http.nonProxyHosts" value="local|*.local|169.254/16|*.169.254/16"/>
    <property name="jdk.debug" value="release"/>
    <property name="surefire.test.class.path" value="/Users/zhuocun/GitHub/jira-vert.x-server/target/test-classes:/Users/zhuocun/GitHub/jira-vert.x-server/target/classes:/Users/zhuocun/.m2/repository/io/vertx/vertx-core/4.4.1/vertx-core-4.4.1.jar:/Users/zhuocun/.m2/repository/io/netty/netty-common/4.1.90.Final/netty-common-4.1.90.Final.jar:/Users/zhuocun/.m2/repository/io/netty/netty-buffer/4.1.90.Final/netty-buffer-4.1.90.Final.jar:/Users/zhuocun/.m2/repository/io/netty/netty-transport/4.1.90.Final/netty-transport-4.1.90.Final.jar:/Users/zhuocun/.m2/repository/io/netty/netty-handler/4.1.90.Final/netty-handler-4.1.90.Final.jar:/Users/zhuocun/.m2/repository/io/netty/netty-transport-native-unix-common/4.1.90.Final/netty-transport-native-unix-common-4.1.90.Final.jar:/Users/zhuocun/.m2/repository/io/netty/netty-codec/4.1.90.Final/netty-codec-4.1.90.Final.jar:/Users/zhuocun/.m2/repository/io/netty/netty-handler-proxy/4.1.90.Final/netty-handler-proxy-4.1.90.Final.jar:/Users/zhuocun/.m2/repository/io/netty/netty-codec-socks/4.1.90.Final/netty-codec-socks-4.1.90.Final.jar:/Users/zhuocun/.m2/repository/io/netty/netty-codec-http/4.1.90.Final/netty-codec-http-4.1.90.Final.jar:/Users/zhuocun/.m2/repository/io/netty/netty-codec-http2/4.1.90.Final/netty-codec-http2-4.1.90.Final.jar:/Users/zhuocun/.m2/repository/io/netty/netty-resolver/4.1.90.Final/netty-resolver-4.1.90.Final.jar:/Users/zhuocun/.m2/repository/io/netty/netty-resolver-dns/4.1.90.Final/netty-resolver-dns-4.1.90.Final.jar:/Users/zhuocun/.m2/repository/io/netty/netty-codec-dns/4.1.90.Final/netty-codec-dns-4.1.90.Final.jar:/Users/zhuocun/.m2/repository/com/fasterxml/jackson/core/jackson-core/2.14.0/jackson-core-2.14.0.jar:/Users/zhuocun/.m2/repository/io/vertx/vertx-auth-jwt/4.4.1/vertx-auth-jwt-4.4.1.jar:/Users/zhuocun/.m2/repository/io/vertx/vertx-auth-common/4.4.1/vertx-auth-common-4.4.1.jar:/Users/zhuocun/.m2/repository/io/vertx/vertx-web/4.4.1/vertx-web-4.4.1.jar:/Users/zhuocun/.m2/repository/io/vertx/vertx-web-common/4.4.1/vertx-web-common-4.4.1.jar:/Users/zhuocun/.m2/repository/io/vertx/vertx-bridge-common/4.4.1/vertx-bridge-common-4.4.1.jar:/Users/zhuocun/.m2/repository/io/vertx/vertx-pg-client/4.4.1/vertx-pg-client-4.4.1.jar:/Users/zhuocun/.m2/repository/io/vertx/vertx-sql-client/4.4.1/vertx-sql-client-4.4.1.jar:/Users/zhuocun/.m2/repository/io/vertx/vertx-auth-mongo/4.4.1/vertx-auth-mongo-4.4.1.jar:/Users/zhuocun/.m2/repository/io/vertx/vertx-json-schema/4.4.1/vertx-json-schema-4.4.1.jar:/Users/zhuocun/.m2/repository/io/vertx/vertx-mongo-client/4.4.1/vertx-mongo-client-4.4.1.jar:/Users/zhuocun/.m2/repository/org/mongodb/mongodb-driver-reactivestreams/4.8.1/mongodb-driver-reactivestreams-4.8.1.jar:/Users/zhuocun/.m2/repository/org/mongodb/bson/4.8.1/bson-4.8.1.jar:/Users/zhuocun/.m2/repository/org/mongodb/mongodb-driver-core/4.8.1/mongodb-driver-core-4.8.1.jar:/Users/zhuocun/.m2/repository/org/mongodb/bson-record-codec/4.8.1/bson-record-codec-4.8.1.jar:/Users/zhuocun/.m2/repository/io/projectreactor/reactor-core/3.5.0/reactor-core-3.5.0.jar:/Users/zhuocun/.m2/repository/org/reactivestreams/reactive-streams/1.0.3/reactive-streams-1.0.3.jar:/Users/zhuocun/.m2/repository/org/apache/commons/commons-collections4/4.2/commons-collections4-4.2.jar:/Users/zhuocun/.m2/repository/com/ongres/scram/client/2.1/client-2.1.jar:/Users/zhuocun/.m2/repository/com/ongres/scram/common/2.1/common-2.1.jar:/Users/zhuocun/.m2/repository/com/ongres/stringprep/saslprep/1.1/saslprep-1.1.jar:/Users/zhuocun/.m2/repository/com/ongres/stringprep/stringprep/1.1/stringprep-1.1.jar:/Users/zhuocun/.m2/repository/io/vertx/vertx-junit5/4.4.1/vertx-junit5-4.4.1.jar:/Users/zhuocun/.m2/repository/org/junit/jupiter/junit-jupiter-params/5.8.2/junit-jupiter-params-5.8.2.jar:/Users/zhuocun/.m2/repository/org/junit/jupiter/junit-jupiter-api/5.9.1/junit-jupiter-api-5.9.1.jar:/Users/zhuocun/.m2/repository/org/opentest4j/opentest4j/1.2.0/opentest4j-1.2.0.jar:/Users/zhuocun/.m2/repository/org/junit/platform/junit-platform-commons/1.9.1/junit-platform-commons-1.9.1.jar:/Users/zhuocun/.m2/repository/org/apiguardian/apiguardian-api/1.1.2/apiguardian-api-1.1.2.jar:/Users/zhuocun/.m2/repository/org/junit/jupiter/junit-jupiter-engine/5.9.1/junit-jupiter-engine-5.9.1.jar:/Users/zhuocun/.m2/repository/org/junit/platform/junit-platform-engine/1.9.1/junit-platform-engine-1.9.1.jar:"/>
    <property name="sun.cpu.endian" value="little"/>
    <property name="user.home" value="/Users/zhuocun"/>
    <property name="user.language" value="en"/>
    <property name="java.specification.vendor" value="Oracle Corporation"/>
    <property name="java.version.date" value="2023-03-21"/>
    <property name="java.home" value="/opt/homebrew/Cellar/openjdk/20/libexec/openjdk.jdk/Contents/Home"/>
    <property name="file.separator" value="/"/>
    <property name="basedir" value="/Users/zhuocun/GitHub/jira-vert.x-server"/>
    <property name="java.vm.compressedOopsMode" value="Zero based"/>
    <property name="line.separator" value="&#10;"/>
    <property name="java.vm.specification.vendor" value="Oracle Corporation"/>
    <property name="java.specification.name" value="Java Platform API Specification"/>
    <property name="apple.awt.application.name" value="ForkedBooter"/>
    <property name="surefire.real.class.path" value="/Users/zhuocun/GitHub/jira-vert.x-server/target/surefire/surefirebooter5291847246008302231.jar"/>
    <property name="sun.management.compiler" value="HotSpot 64-Bit Tiered Compilers"/>
    <property name="ftp.nonProxyHosts" value="local|*.local|169.254/16|*.169.254/16"/>
    <property name="java.runtime.version" value="20"/>
    <property name="user.name" value="zhuocun"/>
    <property name="stdout.encoding" value="UTF-8"/>
    <property name="path.separator" value=":"/>
    <property name="os.version" value="13.4"/>
    <property name="java.runtime.name" value="OpenJDK Runtime Environment"/>
    <property name="file.encoding" value="UTF-8"/>
    <property name="java.vm.name" value="OpenJDK 64-Bit Server VM"/>
    <property name="java.vendor.version" value="Homebrew"/>
    <property name="localRepository" value="/Users/zhuocun/.m2/repository"/>
    <property name="java.vendor.url.bug" value="https://github.com/Homebrew/homebrew-core/issues"/>
    <property name="java.io.tmpdir" value="/var/folders/j0/y0x3zrq56y95sg7kdc4y_dth0000gn/T/"/>
    <property name="java.version" value="20"/>
    <property name="user.dir" value="/Users/zhuocun/GitHub/jira-vert.x-server"/>
    <property name="os.arch" value="aarch64"/>
    <property name="java.vm.specification.name" value="Java Virtual Machine Specification"/>
    <property name="native.encoding" value="UTF-8"/>
    <property name="java.library.path" value="/Users/zhuocun/Library/Java/Extensions:/Library/Java/Extensions:/Network/Library/Java/Extensions:/System/Library/Java/Extensions:/usr/lib/java:."/>
    <property name="java.vm.info" value="mixed mode, sharing"/>
    <property name="stderr.encoding" value="UTF-8"/>
    <property name="java.vendor" value="Homebrew"/>
    <property name="java.vm.version" value="20"/>
    <property name="sun.io.unicode.encoding" value="UnicodeBig"/>
    <property name="socksNonProxyHosts" value="local|*.local|169.254/16|*.169.254/16"/>
    <property name="java.class.version" value="64.0"/>
  </properties>
  <testcase name="verticle_deployed{Vertx, VertxTestContext}" classname="com.zhuocun.jira_vertx_server.TestMainVerticle" time="0.226"/>
</testsuite>